<?xml version="1.0" encoding="UTF-8"?>
<testng-results skipped="0" failed="0" ignored="0" total="1" passed="1">
  <reporter-output>
  </reporter-output>
  <suite name="Default suite" duration-ms="26" started-at="2018-01-29T11:07:11Z" finished-at="2018-01-29T11:07:11Z">
    <groups>
    </groups>
    <test name="Default test" duration-ms="26" started-at="2018-01-29T11:07:11Z" finished-at="2018-01-29T11:07:11Z">
      <class name="testPackage.TestNG_implementation">
        <test-method status="PASS" signature="print()[pri:0, instance:testPackage.TestNG_implementation@402f32ff]" name="print" duration-ms="6" started-at="2018-01-29T16:37:11Z" finished-at="2018-01-29T16:37:11Z">
          <reporter-output>
          </reporter-output>
        </test-method> <!-- print -->
      </class> <!-- testPackage.TestNG_implementation -->
    </test> <!-- Default test -->
  </suite> <!-- Default suite -->
</testng-results>
